{
  "RSpec": {
    "coverage": {
      "/Users/mike/Projects/acebook-rails-template/spec/controllers/posts_controller_spec.rb": [
        1,
        null,
        1,
        1,
        1,
        1,
        1,
        null,
        null,
        null,
        null,
        null,
        null,
        null,
        null,
        null,
        null,
        null,
        null,
        null,
        null,
        null,
        1,
        1,
        1,
        1,
        null,
        null,
        null
      ],
      "/Users/mike/Projects/acebook-rails-template/spec/rails_helper.rb": [
        null,
        1,
        1,
        null,
        1,
        1,
        1,
        null,
        null,
        null,
        null,
        null,
        null,
        null,
        null,
        null,
        null,
        null,
        null,
        null,
        null,
        null,
        null,
        null,
        null,
        null,
        1,
        null,
        1,
        null,
        1,
        null,
        null,
        null,
        null,
        1,
        null,
        null,
        null,
        null,
        null,
        null,
        null,
        null,
        null,
        null,
        null,
        null,
        null,
        null,
        1,
        null,
        null,
        1,
        null,
        null,
        null
      ],
      "/Users/mike/Projects/acebook-rails-template/config/environment.rb": [
        null,
        1,
        null,
        null,
        1
      ],
      "/Users/mike/Projects/acebook-rails-template/config/application.rb": [
        1,
        null,
        1,
        null,
        null,
        null,
        1,
        null,
        1,
        1,
        null,
        1,
        null,
        null,
        null,
        null,
        null,
        null
      ],
      "/Users/mike/Projects/acebook-rails-template/config/boot.rb": [
        1,
        null,
        1
      ],
      "/Users/mike/Projects/acebook-rails-template/config/environments/test.rb": [
        1,
        null,
        null,
        null,
        null,
        null,
        null,
        1,
        null,
        null,
        null,
        null,
        1,
        null,
        null,
        1,
        1,
        null,
        null,
        null,
        null,
        1,
        1,
        null,
        null,
        1,
        null,
        null,
        1,
        1,
        null,
        null,
        null,
        null,
        1,
        null,
        null,
        1,
        null,
        null,
        null,
        null
      ],
      "/Users/mike/Projects/acebook-rails-template/config/initializers/application_controller_renderer.rb": [
        null,
        null,
        null,
        null,
        null,
        null
      ],
      "/Users/mike/Projects/acebook-rails-template/config/initializers/assets.rb": [
        null,
        null,
        null,
        1,
        null,
        null,
        null,
        null,
        1,
        null,
        null,
        null,
        null,
        null
      ],
      "/Users/mike/Projects/acebook-rails-template/config/initializers/backtrace_silencers.rb": [
        null,
        null,
        null,
        null,
        null,
        null,
        null
      ],
      "/Users/mike/Projects/acebook-rails-template/config/initializers/cookies_serializer.rb": [
        null,
        null,
        null,
        null,
        1
      ],
      "/Users/mike/Projects/acebook-rails-template/config/initializers/filter_parameter_logging.rb": [
        null,
        null,
        null,
        1
      ],
      "/Users/mike/Projects/acebook-rails-template/config/initializers/inflections.rb": [
        null,
        null,
        null,
        null,
        null,
        null,
        null,
        null,
        null,
        null,
        null,
        null,
        null,
        null,
        null,
        null
      ],
      "/Users/mike/Projects/acebook-rails-template/config/initializers/mime_types.rb": [
        null,
        null,
        null,
        null
      ],
      "/Users/mike/Projects/acebook-rails-template/config/initializers/wrap_parameters.rb": [
        null,
        null,
        null,
        null,
        null,
        null,
        1,
        2,
        null,
        null,
        null,
        null,
        null,
        null
      ],
      "/Users/mike/Projects/acebook-rails-template/config/routes.rb": [
        1,
        1,
        1,
        1,
        1,
        1,
        1,
        1,
        null,
        null,
        1,
        1,
        null,
        null,
        1,
        null
      ],
      "/Users/mike/Projects/acebook-rails-template/app/helpers/application_helper.rb": [
        1,
        null
      ],
      "/Users/mike/Projects/acebook-rails-template/app/helpers/sessions_helper.rb": [
        1,
        null
      ],
      "/Users/mike/Projects/acebook-rails-template/app/helpers/users_helper.rb": [
        1,
        null
      ],
      "/Users/mike/Projects/acebook-rails-template/app/controllers/posts_controller.rb": [
        1,
        1,
        1,
        null,
        null,
        1,
        5,
        5,
        null,
        null,
        1,
        2,
        null,
        2,
        1,
        null,
        1,
        null,
        null,
        null,
        1,
        1,
        1,
        1,
        null,
        null,
        1,
        2,
        null,
        null,
        1,
        2,
        2,
        2,
        null,
        null,
        1,
        0,
        null,
        0,
        0,
        0,
        null,
        0,
        null,
        null,
        null,
        1,
        null,
        1,
        7,
        null,
        null
      ],
      "/Users/mike/Projects/acebook-rails-template/app/controllers/application_controller.rb": [
        1,
        1,
        null
      ],
      "/Users/mike/Projects/acebook-rails-template/spec/controllers/sessions_controller_spec.rb": [
        1,
        null,
        null,
        1,
        null,
        1,
        1,
        1,
        1,
        null,
        null,
        null,
        1,
        1,
        1,
        1,
        null,
        null,
        null,
        null
      ],
      "/Users/mike/Projects/acebook-rails-template/app/controllers/sessions_controller.rb": [
        1,
        1,
        4,
        null,
        null,
        1,
        3,
        3,
        1,
        1,
        1,
        null,
        2,
        2,
        null,
        null,
        null,
        1,
        9,
        9,
        null,
        null,
        1,
        null,
        1,
        5,
        null,
        null,
        null
      ],
      "/Users/mike/Projects/acebook-rails-template/spec/controllers/users_controller_spec.rb": [
        1,
        null,
        1,
        null,
        1,
        1,
        1,
        1,
        null,
        null,
        null,
        1,
        1,
        1,
        null,
        null,
        null,
        null,
        null,
        1,
        1,
        1,
        1,
        null,
        null,
        null,
        null
      ],
      "/Users/mike/Projects/acebook-rails-template/app/controllers/users_controller.rb": [
        1,
        1,
        null,
        1,
        null,
        1,
        32,
        32,
        null,
        null,
        1,
        20,
        1,
        1,
        19,
        1,
        1,
        null,
        18,
        18,
        18,
        18,
        18,
        null,
        null,
        null,
        1,
        33,
        31,
        31,
        29,
        29,
        null,
        2,
        null,
        null,
        2,
        null,
        null,
        null,
        1,
        0,
        0,
        null,
        0,
        null,
        null,
        null,
        1,
        null,
        1,
        31,
        26,
        null,
        5,
        5,
        null,
        null,
        null,
        1,
        134,
        null,
        null,
        1,
        19,
        null,
        null,
        1,
        19,
        null,
        null,
        1,
        20,
        null,
        null,
        1,
        29,
        29,
        null,
        0,
        null,
        null,
        null
      ],
      "/Users/mike/Projects/acebook-rails-template/spec/features/user_can_delete_post_spec.rb": [
        1,
        1,
        null,
        1,
        1,
        1,
        1,
        1,
        1,
        null,
        null
      ],
      "/Users/mike/Projects/acebook-rails-template/spec/features/web_helper.rb": [
        1,
        18,
        18,
        18,
        18,
        18,
        null,
        null,
        1,
        1,
        1,
        1,
        1,
        null,
        null,
        1,
        1,
        1,
        1,
        null,
        null,
        1,
        5,
        5,
        null,
        null,
        1,
        2,
        2,
        2,
        null
      ],
      "/Users/mike/Projects/acebook-rails-template/spec/features/user_can_edit_post_spec.rb": [
        1,
        1,
        null,
        1,
        1,
        1,
        1,
        1,
        1,
        null,
        null,
        1,
        1,
        1,
        1,
        1,
        null,
        null
      ],
      "/Users/mike/Projects/acebook-rails-template/spec/features/user_can_login_spec.rb": [
        1,
        1,
        null,
        1,
        1,
        1,
        1,
        1,
        1,
        1,
        null,
        null,
        1,
        1,
        1,
        1,
        null,
        null,
        1,
        1,
        1,
        1,
        1,
        1,
        1,
        1,
        null,
        null,
        1,
        1,
        1,
        1,
        1,
        1,
        1,
        1,
        null,
        null,
        1,
        1,
        1,
        1,
        1,
        null,
        null
      ],
      "/Users/mike/Projects/acebook-rails-template/spec/features/user_can_sign_up_spec.rb": [
        1,
        1,
        null,
        1,
        1,
        1,
        1,
        null,
        null,
        1,
        1,
        1,
        1,
        1,
        null,
        null,
        1,
        1,
        1,
        1,
        1,
        1,
        1,
        null,
        null
      ],
      "/Users/mike/Projects/acebook-rails-template/spec/features/user_can_submit_posts_spec.rb": [
        1,
        1,
        null,
        1,
        1,
        1,
        1,
        1,
        null,
        null,
        1,
        1,
        1,
        1,
        1,
        null,
        null
      ],
      "/Users/mike/Projects/acebook-rails-template/spec/features/user_can_view_other_users_wall_spec.rb": [
        1,
        1,
        null,
        1,
        1,
        1,
        1,
        1,
        1,
        1,
        null,
        null,
        1,
        1,
        1,
        1,
        1,
        null,
        null
      ],
      "/Users/mike/Projects/acebook-rails-template/spec/features/user_can_view_timeline_spec.rb": [
        1,
        1,
        null,
        1,
        1,
        1,
        1,
        1,
        null,
        null,
        1,
        1,
        1,
        1,
        null,
        null
      ],
      "/Users/mike/Projects/acebook-rails-template/spec/features/user_sees_404_spec.rb": [
        1,
        1,
        null,
        1,
        1,
        1,
        1,
        1,
        null,
        null
      ],
      "/Users/mike/Projects/acebook-rails-template/spec/helpers/sessions_helper_spec.rb": [
        1,
        null,
        null,
        null,
        null,
        null,
        null,
        null,
        null,
        null,
        null,
        null,
        1,
        1,
        null
      ],
      "/Users/mike/Projects/acebook-rails-template/spec/helpers/users_helper_spec.rb": [
        1,
        null,
        null,
        null,
        null,
        null,
        null,
        null,
        null,
        null,
        null,
        null,
        1,
        1,
        null
      ],
      "/Users/mike/Projects/acebook-rails-template/spec/models/post_spec.rb": [
        1,
        null,
        1,
        2,
        null
      ],
      "/Users/mike/Projects/acebook-rails-template/app/models/post.rb": [
        1,
        1,
        0,
        null,
        null
      ],
      "/Users/mike/Projects/acebook-rails-template/app/models/application_record.rb": [
        1,
        1,
        null
      ],
      "/Users/mike/Projects/acebook-rails-template/spec/models/user_spec.rb": [
        1,
        null,
        1,
        1,
        null
      ],
      "/Users/mike/Projects/acebook-rails-template/app/models/user.rb": [
        1,
        1,
        null
      ],
      "/Users/mike/Projects/acebook-rails-template/spec/views/sessions/create.html.erb_spec.rb": [
        1,
        null,
        1,
        1,
        null
      ],
      "/Users/mike/Projects/acebook-rails-template/spec/views/sessions/destroy.html.erb_spec.rb": [
        1,
        null,
        1,
        1,
        null
      ],
      "/Users/mike/Projects/acebook-rails-template/spec/views/sessions/new.html.erb_spec.rb": [
        1,
        null,
        1,
        1,
        null
      ]
    },
    "timestamp": 1559222563
  }
}
